[debug] [2025-06-28T12:36:30.595Z] ----------------------------------------------------------------------
[debug] [2025-06-28T12:36:30.599Z] Command:       /nix/store/rbdrkcs5kkwpalxcd7c6bnm33lk2955n-nodejs-20.19.0/bin/node /home/user/.global_modules/bin/firebase login:ci
[debug] [2025-06-28T12:36:30.600Z] CLI Version:   14.9.0
[debug] [2025-06-28T12:36:30.601Z] Platform:      linux
[debug] [2025-06-28T12:36:30.601Z] Node Version:  v20.19.0
[debug] [2025-06-28T12:36:30.601Z] Time:          Sat Jun 28 2025 12:36:30 GMT+0000 (Coordinated Universal Time)
[debug] [2025-06-28T12:36:30.601Z] ----------------------------------------------------------------------
[debug] 
[warn] ⚠  Authenticating with a `login:ci` token is deprecated and will be removed in a future major version of `firebase-tools`. Instead, use a service account key with `GOOGLE_APPLICATION_CREDENTIALS`: https://cloud.google.com/docs/authentication/getting-started 
[info] 
[info] Visit this URL on this device to log in:
[info] https://accounts.google.com/o/oauth2/auth?client_id=563584335869-fgrhgmd47bqnekij5i8b5pr03ho849e6.apps.googleusercontent.com&scope=email%20openid%20https%3A%2F%2Fwww.googleapis.com%2Fauth%2Fcloudplatformprojects.readonly%20https%3A%2F%2Fwww.googleapis.com%2Fauth%2Ffirebase%20https%3A%2F%2Fwww.googleapis.com%2Fauth%2Fcloud-platform&response_type=code&state=543844719&redirect_uri=http%3A%2F%2Flocalhost%3A9005
[info] 
[info] Waiting for authentication...
[debug] [2025-06-28T12:36:36.383Z] >>> [apiv2][query] POST https://auth.firebase.tools/attest [none]
[debug] [2025-06-28T12:36:36.384Z] >>> [apiv2][body] POST https://auth.firebase.tools/attest {"session_id":"e2c7cdd3-20ab-47ef-afa8-6c8df21eff51"}
[debug] [2025-06-28T12:36:36.730Z] <<< [apiv2][status] POST https://auth.firebase.tools/attest 200
[debug] [2025-06-28T12:36:36.730Z] <<< [apiv2][body] POST https://auth.firebase.tools/attest {"token":"UtKzpSLSONHgohcassjmfIb8hbeXcYN67qvQKhKO2KE"}
[info] 
[info] To sign in to the Firebase CLI:
[info] 
[info] 1. Take note of your session ID:
[info] 
[info]    E2C7C
[info] 
[info] 2. Visit the URL below on any device and follow the instructions to get your code:
[info] 
[info]    https://auth.firebase.tools/login?code_challenge=q3KQQNUF3RuRHjKTSA5idKH9c7R6vtgI_kVbdREeWgA&session=e2c7cdd3-20ab-47ef-afa8-6c8df21eff51&attest=UtKzpSLSONHgohcassjmfIb8hbeXcYN67qvQKhKO2KE
[info] 
[info] 3. Paste or enter the authorization code below once you have it:
[info] 
